<?xml version="1.0" encoding="UTF-8"?>

<databaseChangeLog
        xmlns="http://www.liquibase.org/xml/ns/dbchangelog"
        xmlns:xsi="http://www.w3.org/2001/XMLSchema-instance"
        xsi:schemaLocation="http://www.liquibase.org/xml/ns/dbchangelog
        http://www.liquibase.org/xml/ns/dbchangelog/dbchangelog-4.6.xsd">

    <changeSet id="1-add test data to table 'users'"
               author="Grigorovich">
        <sql>
            insert into users (user_id, user_name, user_password, user_activate)
            values ('1', 'admin', '$2y$12$kjBEvSNH8oN9508Vi8gpLOxzxsfc7H/HLRTQatlR4z3JOzrC4YXB6', 1),
                   ('2', 'client', '$2y$12$kjBEvSNH8oN9508Vi8gpLOxzxsfc7H/HLRTQatlR4z3JOzrC4YXB6', 1),
                   ('3', 'mechanic', '$2y$12$kjBEvSNH8oN9508Vi8gpLOxzxsfc7H/HLRTQatlR4z3JOzrC4YXB6', 1);
        </sql>
    </changeSet>
</databaseChangeLog>