<?xml version="1.0" encoding="UTF-8"?>

<databaseChangeLog
        xmlns="http://www.liquibase.org/xml/ns/dbchangelog"
        xmlns:xsi="http://www.w3.org/2001/XMLSchema-instance"
        xsi:schemaLocation="http://www.liquibase.org/xml/ns/dbchangelog
        http://www.liquibase.org/xml/ns/dbchangelog/dbchangelog-4.6.xsd">

    <changeSet id="1-add test data to table 'work_list'"
               author="Grigorovich">
        <sql>
            insert into work_list(work_list_name,
                                  work_list_coast,
                                  orders_id)
            values ("Перепресовка рычагов подвески", "200", 1),
                   ("Замена воздушного фильтра", "300", 1),
                   ("Замена маслосъемных колпачков", "60", 2),
                   ("Калибровка датчика температуры", "60", 2),
                   ("Настройка положения дросельной заслонки", "60", 2),
                   ("Чистка положения дросельной заслонки", "60", 2),
                   ("Замена трубок топливной системы", "60", 3),
                   ("Заправка и обслуживание кондиционера", "60", 1),
                   ("Замена шайб форсунки", "60", 2),
                   ("Замена личинки багажника", "90", 3);
        </sql>
    </changeSet>
</databaseChangeLog>