<?xml version="1.0" encoding="UTF-8"?>

<databaseChangeLog
        xmlns="http://www.liquibase.org/xml/ns/dbchangelog"
        xmlns:xsi="http://www.w3.org/2001/XMLSchema-instance"
        xsi:schemaLocation="http://www.liquibase.org/xml/ns/dbchangelog
        http://www.liquibase.org/xml/ns/dbchangelog/dbchangelog-4.6.xsd">

    <changeSet id="1-add test data to table 'users'"
               author="Grigorovich">
        <sql>
            insert into users (user_id, user_name, user_password)
            values ('1', 'admin', '$2y$12$kjBEvSNH8oN9508Vi8gpLOxzxsfc7H/HLRTQatlR4z3JOzrC4YXB6'),
                   ('2', 'user', '$2y$12$kjBEvSNH8oN9508Vi8gpLOxzxsfc7H/HLRTQatlR4z3JOzrC4YXB6');
        </sql>
    </changeSet>
</databaseChangeLog>