<?xml version="1.0" encoding="UTF-8"?>

<databaseChangeLog
        xmlns="http://www.liquibase.org/xml/ns/dbchangelog"
        xmlns:xsi="http://www.w3.org/2001/XMLSchema-instance"
        xsi:schemaLocation="http://www.liquibase.org/xml/ns/dbchangelog
        http://www.liquibase.org/xml/ns/dbchangelog/dbchangelog-4.6.xsd">

    <changeSet id="1-add test data to table 'roles'"
               author="Grigorovich">
        <sql>
            insert into roles (role_id, role_name)
            values ('1', 'ADMIN'),
                   ('2', 'CLIENT'),
                   ('3', 'MECHANIC');
        </sql>
    </changeSet>
</databaseChangeLog>